<?xml version="1.0" encoding="UTF-8"?>
<!-- Generated by org.testng.reporters.JUnitReportReporter -->
<testsuite hostname="DESKTOP-14N1F2H" failures="0" tests="1" name="com.pro.rough.Test" time="9.444" errors="0" timestamp="2024-02-12T23:35:06 EST" skipped="0">
  <testcase classname="com.pro.rough.Test" name="googleSearchTest" time="9.444"/>
  <system-out/>
</testsuite> <!-- com.pro.rough.Test -->
