<?xml version="1.0" encoding="UTF-8"?>
<!-- Generated by org.testng.reporters.JUnitReportReporter -->
<testsuite hostname="DESKTOP-14N1F2H" failures="0" tests="1" name="com.pro.testcases.HomePageTest" time="1.176" errors="0" timestamp="2024-02-14T23:45:27 EST" skipped="0">
  <testcase classname="com.pro.testcases.HomePageTest" name="TestBankManagerLogin" time="1.176"/>
  <system-out/>
</testsuite> <!-- com.pro.testcases.HomePageTest -->
